2023-03-16 10:51:45.948 [restartedMain] INFO  com.codeking.boot.serviceHospApplication - The following profiles are active: dev
2023-03-16 10:51:51.226 [restartedMain] INFO  o.s.d.r.config.RepositoryConfigurationDelegate - Multiple Spring Data modules found, entering strict repository configuration mode!
2023-03-16 10:51:51.229 [restartedMain] INFO  o.s.d.r.config.RepositoryConfigurationDelegate - Bootstrapping Spring Data repositories in DEFAULT mode.
2023-03-16 10:51:51.473 [restartedMain] INFO  o.s.d.r.config.RepositoryConfigurationDelegate - Finished Spring Data repository scanning in 231ms. Found 3 repository interfaces.
2023-03-16 10:51:51.515 [restartedMain] INFO  o.s.d.r.config.RepositoryConfigurationDelegate - Multiple Spring Data modules found, entering strict repository configuration mode!
2023-03-16 10:51:51.518 [restartedMain] INFO  o.s.d.r.config.RepositoryConfigurationDelegate - Bootstrapping Spring Data repositories in DEFAULT mode.
2023-03-16 10:51:51.567 [restartedMain] INFO  o.s.d.r.c.RepositoryConfigurationExtensionSupport - Spring Data Redis - Could not safely identify store assignment for repository candidate interface com.codeking.boot.repositry.DepartmentRepository. If you want this repository to be a Redis repository, consider annotating your entities with one of these annotations: org.springframework.data.redis.core.RedisHash (preferred), or consider extending one of the following types with your repository: org.springframework.data.keyvalue.repository.KeyValueRepository.
2023-03-16 10:51:51.568 [restartedMain] INFO  o.s.d.r.c.RepositoryConfigurationExtensionSupport - Spring Data Redis - Could not safely identify store assignment for repository candidate interface com.codeking.boot.repositry.HospitalRepository. If you want this repository to be a Redis repository, consider annotating your entities with one of these annotations: org.springframework.data.redis.core.RedisHash (preferred), or consider extending one of the following types with your repository: org.springframework.data.keyvalue.repository.KeyValueRepository.
2023-03-16 10:51:51.571 [restartedMain] INFO  o.s.d.r.c.RepositoryConfigurationExtensionSupport - Spring Data Redis - Could not safely identify store assignment for repository candidate interface com.codeking.boot.repositry.ScheduleRepository. If you want this repository to be a Redis repository, consider annotating your entities with one of these annotations: org.springframework.data.redis.core.RedisHash (preferred), or consider extending one of the following types with your repository: org.springframework.data.keyvalue.repository.KeyValueRepository.
2023-03-16 10:51:51.571 [restartedMain] INFO  o.s.d.r.config.RepositoryConfigurationDelegate - Finished Spring Data repository scanning in 32ms. Found 0 repository interfaces.
2023-03-16 10:51:52.644 [restartedMain] INFO  o.springframework.cloud.context.scope.GenericScope - BeanFactory id=99247263-11a2-3649-952b-45296ca630fa
2023-03-16 10:51:53.180 [restartedMain] INFO  o.s.i.c.DefaultConfiguringBeanFactoryPostProcessor - No bean named 'errorChannel' has been explicitly defined. Therefore, a default PublishSubscribeChannel will be created.
2023-03-16 10:51:53.196 [restartedMain] INFO  o.s.i.c.DefaultConfiguringBeanFactoryPostProcessor - No bean named 'taskScheduler' has been explicitly defined. Therefore, a default ThreadPoolTaskScheduler will be created.
2023-03-16 10:51:53.211 [restartedMain] INFO  o.s.i.c.DefaultConfiguringBeanFactoryPostProcessor - No bean named 'integrationHeaderChannelRegistry' has been explicitly defined. Therefore, a default DefaultHeaderChannelRegistry will be created.
2023-03-16 10:51:53.515 [restartedMain] INFO  o.s.c.s.PostProcessorRegistrationDelegate$BeanPostProcessorChecker - Bean 'org.springframework.transaction.annotation.ProxyTransactionManagementConfiguration' of type [org.springframework.transaction.annotation.ProxyTransactionManagementConfiguration] is not eligible for getting processed by all BeanPostProcessors (for example: not eligible for auto-proxying)
2023-03-16 10:51:53.686 [restartedMain] INFO  o.s.c.s.PostProcessorRegistrationDelegate$BeanPostProcessorChecker - Bean 'integrationChannelResolver' of type [org.springframework.integration.support.channel.BeanFactoryChannelResolver] is not eligible for getting processed by all BeanPostProcessors (for example: not eligible for auto-proxying)
2023-03-16 10:51:53.697 [restartedMain] INFO  o.s.c.s.PostProcessorRegistrationDelegate$BeanPostProcessorChecker - Bean 'integrationDisposableAutoCreatedBeans' of type [org.springframework.integration.config.annotation.Disposables] is not eligible for getting processed by all BeanPostProcessors (for example: not eligible for auto-proxying)
2023-03-16 10:51:53.754 [restartedMain] INFO  o.s.c.s.PostProcessorRegistrationDelegate$BeanPostProcessorChecker - Bean 'org.springframework.integration.config.IntegrationManagementConfiguration' of type [org.springframework.integration.config.IntegrationManagementConfiguration] is not eligible for getting processed by all BeanPostProcessors (for example: not eligible for auto-proxying)
2023-03-16 10:51:53.769 [restartedMain] INFO  o.s.c.s.PostProcessorRegistrationDelegate$BeanPostProcessorChecker - Bean 'org.springframework.boot.autoconfigure.integration.IntegrationAutoConfiguration$IntegrationJmxConfiguration' of type [org.springframework.boot.autoconfigure.integration.IntegrationAutoConfiguration$IntegrationJmxConfiguration] is not eligible for getting processed by all BeanPostProcessors (for example: not eligible for auto-proxying)
2023-03-16 10:51:53.824 [restartedMain] INFO  o.s.c.s.PostProcessorRegistrationDelegate$BeanPostProcessorChecker - Bean 'org.springframework.boot.autoconfigure.jmx.JmxAutoConfiguration' of type [org.springframework.boot.autoconfigure.jmx.JmxAutoConfiguration] is not eligible for getting processed by all BeanPostProcessors (for example: not eligible for auto-proxying)
2023-03-16 10:51:53.837 [restartedMain] INFO  o.s.c.s.PostProcessorRegistrationDelegate$BeanPostProcessorChecker - Bean 'mbeanServer' of type [com.sun.jmx.mbeanserver.JmxMBeanServer] is not eligible for getting processed by all BeanPostProcessors (for example: not eligible for auto-proxying)
2023-03-16 10:51:53.904 [restartedMain] INFO  o.s.c.s.PostProcessorRegistrationDelegate$BeanPostProcessorChecker - Bean 'org.springframework.cloud.autoconfigure.ConfigurationPropertiesRebinderAutoConfiguration' of type [org.springframework.cloud.autoconfigure.ConfigurationPropertiesRebinderAutoConfiguration] is not eligible for getting processed by all BeanPostProcessors (for example: not eligible for auto-proxying)
2023-03-16 10:51:55.286 [restartedMain] INFO  o.s.boot.web.embedded.tomcat.TomcatWebServer - Tomcat initialized with port(s): 8201 (http)
2023-03-16 10:51:55.314 [restartedMain] INFO  org.apache.coyote.http11.Http11NioProtocol - Initializing ProtocolHandler ["http-nio-8201"]
2023-03-16 10:51:55.315 [restartedMain] INFO  org.apache.catalina.core.StandardService - Starting service [Tomcat]
2023-03-16 10:51:55.316 [restartedMain] INFO  org.apache.catalina.core.StandardEngine - Starting Servlet engine: [Apache Tomcat/9.0.27]
2023-03-16 10:51:55.652 [restartedMain] INFO  o.a.c.core.ContainerBase.[Tomcat].[localhost].[/] - Initializing Spring embedded WebApplicationContext
2023-03-16 10:51:55.653 [restartedMain] INFO  org.springframework.web.context.ContextLoader - Root WebApplicationContext: initialization completed in 9656 ms
2023-03-16 10:51:58.278 [restartedMain] INFO  org.springframework.cloud.commons.util.InetUtils - Cannot determine local hostname
2023-03-16 10:52:00.950 [restartedMain] INFO  org.mongodb.driver.cluster - Cluster created with settings {hosts=[192.168.1.117:27017], mode=SINGLE, requiredClusterType=UNKNOWN, serverSelectionTimeout='30000 ms', maxWaitQueueSize=500}
2023-03-16 10:52:01.266 [cluster-ClusterId{value='641284504ef09327c0e62e29', description='null'}-192.168.1.117:27017] INFO  org.mongodb.driver.connection - Opened connection [connectionId{localValue:1, serverValue:95}] to 192.168.1.117:27017
2023-03-16 10:52:01.310 [cluster-ClusterId{value='641284504ef09327c0e62e29', description='null'}-192.168.1.117:27017] INFO  org.mongodb.driver.cluster - Monitor thread successfully connected to server with description ServerDescription{address=192.168.1.117:27017, type=STANDALONE, state=CONNECTED, ok=true, version=ServerVersion{versionList=[5, 0, 5]}, minWireVersion=0, maxWireVersion=13, maxDocumentSize=16777216, logicalSessionTimeoutMinutes=30, roundTripTimeNanos=38724200}
2023-03-16 10:52:02.284 [restartedMain] INFO  o.s.scheduling.concurrent.ThreadPoolTaskScheduler - Initializing ExecutorService 'taskScheduler'
2023-03-16 10:52:03.691 [restartedMain] INFO  org.mongodb.driver.connection - Opened connection [connectionId{localValue:2, serverValue:96}] to 192.168.1.117:27017
2023-03-16 10:52:09.791 [restartedMain] INFO  o.s.b.actuate.endpoint.web.EndpointLinksResolver - Exposing 2 endpoint(s) beneath base path '/actuator'
2023-03-16 10:52:10.083 [restartedMain] INFO  s.d.s.w.PropertySourcedRequestMappingHandlerMapping - Mapped URL path [/v2/api-docs] onto method [springfox.documentation.swagger2.web.Swagger2Controller#getDocumentation(String, HttpServletRequest)]
2023-03-16 10:52:10.123 [restartedMain] INFO  com.netflix.config.sources.URLConfigurationSource - To enable URLs as dynamic configuration sources, define System property archaius.configurationSource.additionalUrls or make config.properties available on classpath.
2023-03-16 10:52:10.137 [restartedMain] INFO  com.netflix.config.sources.URLConfigurationSource - To enable URLs as dynamic configuration sources, define System property archaius.configurationSource.additionalUrls or make config.properties available on classpath.
2023-03-16 10:52:10.295 [restartedMain] INFO  o.s.scheduling.concurrent.ThreadPoolTaskExecutor - Initializing ExecutorService 'applicationTaskExecutor'
2023-03-16 10:52:10.918 [restartedMain] INFO  o.s.c.f.c.catalog.BeanFactoryAwareFunctionRegistry - Looking up function 'null' with acceptedOutputTypes: []
2023-03-16 10:52:13.276 [restartedMain] INFO  org.springframework.cloud.commons.util.InetUtils - Cannot determine local hostname
2023-03-16 10:52:15.016 [restartedMain] INFO  org.springframework.cloud.commons.util.InetUtils - Cannot determine local hostname
2023-03-16 10:52:15.357 [restartedMain] INFO  o.s.c.stream.messaging.DirectWithAttributesChannel - Channel 'application-1.springCloudBusInput' has 1 subscriber(s).
2023-03-16 10:52:16.001 [restartedMain] INFO  o.s.integration.monitor.IntegrationMBeanExporter - Registering MessageChannel springCloudBusInput
2023-03-16 10:52:16.449 [restartedMain] INFO  o.s.integration.monitor.IntegrationMBeanExporter - Registering MessageChannel errorChannel
2023-03-16 10:52:16.640 [restartedMain] INFO  o.s.integration.monitor.IntegrationMBeanExporter - Registering MessageChannel springCloudBusOutput
2023-03-16 10:52:16.675 [restartedMain] INFO  o.s.integration.monitor.IntegrationMBeanExporter - Registering MessageChannel nullChannel
2023-03-16 10:52:16.884 [restartedMain] INFO  o.s.integration.monitor.IntegrationMBeanExporter - Registering MessageHandler errorLogger
2023-03-16 10:52:16.979 [restartedMain] INFO  o.s.integration.monitor.IntegrationMBeanExporter - Registering MessageHandler org.springframework.cloud.stream.binding.StreamListenerMessageHandler@55d244f9
2023-03-16 10:52:17.394 [restartedMain] INFO  o.s.integration.endpoint.EventDrivenConsumer - Adding {logging-channel-adapter:_org.springframework.integration.errorLogger} as a subscriber to the 'errorChannel' channel
2023-03-16 10:52:17.395 [restartedMain] INFO  o.s.integration.channel.PublishSubscribeChannel - Channel 'application-1.errorChannel' has 1 subscriber(s).
2023-03-16 10:52:17.396 [restartedMain] INFO  o.s.integration.endpoint.EventDrivenConsumer - started bean '_org.springframework.integration.errorLogger'
2023-03-16 10:52:19.826 [restartedMain] INFO  o.s.a.rabbit.connection.CachingConnectionFactory - Attempting to connect to: [localhost:5672]
2023-03-16 10:52:23.922 [restartedMain] INFO  o.s.c.stream.messaging.DirectWithAttributesChannel - Channel 'application-1.springCloudBusOutput' has 1 subscriber(s).
2023-03-16 10:52:23.997 [restartedMain] INFO  o.s.c.s.b.r.p.RabbitExchangeQueueProvisioner - declaring queue for inbound: springCloudBus.anonymous.tchkreFYSWu4XDS1WOaZcQ, bound to: springCloudBus
2023-03-16 10:52:23.997 [restartedMain] INFO  o.s.a.rabbit.connection.CachingConnectionFactory - Attempting to connect to: [localhost:5672]
2023-03-16 10:52:28.066 [restartedMain] INFO  o.s.a.rabbit.connection.CachingConnectionFactory - Attempting to connect to: [localhost:5672]
2023-03-16 10:52:32.164 [restartedMain] INFO  o.s.a.rabbit.connection.CachingConnectionFactory - Attempting to connect to: [localhost:5672]
2023-03-16 10:52:36.285 [restartedMain] INFO  o.s.cloud.stream.binder.BinderErrorChannel - Channel 'springCloudBus.anonymous.tchkreFYSWu4XDS1WOaZcQ.errors' has 1 subscriber(s).
2023-03-16 10:52:36.287 [restartedMain] INFO  o.s.cloud.stream.binder.BinderErrorChannel - Channel 'springCloudBus.anonymous.tchkreFYSWu4XDS1WOaZcQ.errors' has 2 subscriber(s).
2023-03-16 10:52:36.293 [restartedMain] INFO  o.s.a.rabbit.connection.CachingConnectionFactory - Attempting to connect to: [localhost:5672]
2023-03-16 10:52:40.378 [restartedMain] INFO  o.s.a.r.listener.SimpleMessageListenerContainer - Broker not available; cannot force queue declarations during start: java.net.ConnectException: Connection refused: connect
2023-03-16 10:52:40.385 [springCloudBus.anonymous.tchkreFYSWu4XDS1WOaZcQ-1] INFO  o.s.a.rabbit.connection.CachingConnectionFactory - Attempting to connect to: [localhost:5672]
2023-03-16 10:52:44.465 [restartedMain] INFO  o.s.i.amqp.inbound.AmqpInboundChannelAdapter - started bean 'inbound.springCloudBus.anonymous.tchkreFYSWu4XDS1WOaZcQ'
2023-03-16 10:52:44.471 [restartedMain] INFO  s.d.s.web.plugins.DocumentationPluginsBootstrapper - Context refreshed
2023-03-16 10:52:44.498 [restartedMain] INFO  s.d.s.web.plugins.DocumentationPluginsBootstrapper - Found 2 custom documentation plugin(s)
2023-03-16 10:52:44.530 [restartedMain] INFO  s.d.spring.web.scanners.ApiListingReferenceScanner - Scanning for api listing references
2023-03-16 10:52:44.720 [restartedMain] INFO  s.d.s.w.r.operation.CachingOperationNameGenerator - Generating unique operation named: lockHospitalSetUsingPUT_1
2023-03-16 10:52:44.752 [restartedMain] INFO  s.d.spring.web.scanners.ApiListingReferenceScanner - Scanning for api listing references
2023-03-16 10:52:44.809 [restartedMain] INFO  s.d.s.w.r.operation.CachingOperationNameGenerator - Generating unique operation named: indexUsingGET_1
2023-03-16 10:52:44.815 [restartedMain] INFO  s.d.s.w.r.operation.CachingOperationNameGenerator - Generating unique operation named: indexUsingGET_2
2023-03-16 10:52:44.822 [restartedMain] INFO  o.s.a.rabbit.connection.CachingConnectionFactory - Attempting to connect to: [localhost:5672]
2023-03-16 10:52:48.892 [restartedMain] INFO  o.s.a.r.listener.SimpleMessageListenerContainer - Broker not available; cannot force queue declarations during start: java.net.ConnectException: Connection refused: connect
2023-03-16 10:52:48.893 [org.springframework.amqp.rabbit.RabbitListenerEndpointContainer#0-1] INFO  o.s.a.rabbit.connection.CachingConnectionFactory - Attempting to connect to: [localhost:5672]
2023-03-16 10:52:49.534 [springCloudBus.anonymous.tchkreFYSWu4XDS1WOaZcQ-1] INFO  o.s.a.r.listener.SimpleMessageListenerContainer - Restarting Consumer@4c8f8ffa: tags=[[]], channel=null, acknowledgeMode=AUTO local queue size=0
2023-03-16 10:52:53.005 [springCloudBus.anonymous.tchkreFYSWu4XDS1WOaZcQ-2] INFO  o.s.a.rabbit.connection.CachingConnectionFactory - Attempting to connect to: [localhost:5672]
2023-03-16 10:52:57.107 [org.springframework.amqp.rabbit.RabbitListenerEndpointContainer#0-1] INFO  o.s.a.rabbit.connection.CachingConnectionFactory - Attempting to connect to: [localhost:5672]
2023-03-16 10:53:01.193 [restartedMain] INFO  o.s.integration.monitor.IntegrationMBeanExporter - Registering MessageChannel springCloudBus.anonymous.tchkreFYSWu4XDS1WOaZcQ.errors
2023-03-16 10:53:01.259 [restartedMain] INFO  org.apache.coyote.http11.Http11NioProtocol - Starting ProtocolHandler ["http-nio-8201"]
2023-03-16 10:53:01.284 [restartedMain] INFO  o.s.boot.web.embedded.tomcat.TomcatWebServer - Tomcat started on port(s): 8201 (http) with context path ''
2023-03-16 10:53:01.287 [restartedMain] INFO  com.alibaba.nacos.client.naming - [BEAT] adding beat: {"cluster":"DEFAULT","ip":"169.254.155.201","metadata":{"preserved.register.source":"SPRING_CLOUD"},"period":5000,"port":8201,"scheduled":false,"serviceName":"DEFAULT_GROUP@@service-hosp","stopped":false,"weight":1.0} to beat map.
2023-03-16 10:53:01.351 [restartedMain] INFO  com.alibaba.nacos.client.naming - [REGISTER-SERVICE] public registering service DEFAULT_GROUP@@service-hosp with instance: {"clusterName":"DEFAULT","enabled":true,"ephemeral":true,"healthy":true,"instanceHeartBeatInterval":5000,"instanceHeartBeatTimeOut":15000,"ip":"169.254.155.201","ipDeleteTimeout":30000,"metadata":{"preserved.register.source":"SPRING_CLOUD"},"port":8201,"weight":1.0}
2023-03-16 10:53:01.360 [restartedMain] INFO  c.alibaba.nacos.client.identify.CredentialWatcher - null No credential found
2023-03-16 10:53:01.391 [restartedMain] INFO  c.a.cloud.nacos.registry.NacosServiceRegistry - nacos registry, DEFAULT_GROUP service-hosp 169.254.155.201:8201 register finished
2023-03-16 10:53:02.184 [springCloudBus.anonymous.tchkreFYSWu4XDS1WOaZcQ-2] INFO  o.s.a.r.listener.SimpleMessageListenerContainer - Restarting Consumer@6ed3f980: tags=[[]], channel=null, acknowledgeMode=AUTO local queue size=0
2023-03-16 10:53:02.186 [springCloudBus.anonymous.tchkreFYSWu4XDS1WOaZcQ-3] INFO  o.s.a.rabbit.connection.CachingConnectionFactory - Attempting to connect to: [localhost:5672]
2023-03-16 10:53:02.864 [restartedMain] INFO  org.springframework.cloud.commons.util.InetUtils - Cannot determine local hostname
2023-03-16 10:53:02.867 [restartedMain] INFO  com.codeking.boot.serviceHospApplication - Started serviceHospApplication in 82.831 seconds (JVM running for 86.407)
2023-03-16 10:53:03.763 [RMI TCP Connection(18)-169.254.132.32] INFO  o.a.c.core.ContainerBase.[Tomcat].[localhost].[/] - Initializing Spring DispatcherServlet 'dispatcherServlet'
2023-03-16 10:53:03.764 [RMI TCP Connection(18)-169.254.132.32] INFO  org.springframework.web.servlet.DispatcherServlet - Initializing Servlet 'dispatcherServlet'
2023-03-16 10:53:03.781 [RMI TCP Connection(18)-169.254.132.32] INFO  org.springframework.web.servlet.DispatcherServlet - Completed initialization in 17 ms
2023-03-16 10:53:06.268 [RMI TCP Connection(16)-169.254.132.32] INFO  o.s.a.rabbit.connection.CachingConnectionFactory - Attempting to connect to: [localhost:5672]
2023-03-16 10:53:06.271 [org.springframework.amqp.rabbit.RabbitListenerEndpointContainer#0-1] INFO  o.s.a.r.listener.SimpleMessageListenerContainer - Restarting Consumer@44d77453: tags=[[]], channel=null, acknowledgeMode=AUTO local queue size=0
2023-03-16 10:53:10.341 [org.springframework.amqp.rabbit.RabbitListenerEndpointContainer#0-2] INFO  o.s.a.rabbit.connection.CachingConnectionFactory - Attempting to connect to: [localhost:5672]
2023-03-16 10:53:11.350 [springCloudBus.anonymous.tchkreFYSWu4XDS1WOaZcQ-3] INFO  o.s.a.r.listener.SimpleMessageListenerContainer - Restarting Consumer@74a7500e: tags=[[]], channel=null, acknowledgeMode=AUTO local queue size=0
2023-03-16 10:53:14.429 [springCloudBus.anonymous.tchkreFYSWu4XDS1WOaZcQ-4] INFO  o.s.a.rabbit.connection.CachingConnectionFactory - Attempting to connect to: [localhost:5672]
2023-03-16 10:53:18.496 [RMI TCP Connection(16)-169.254.132.32] INFO  o.s.a.rabbit.connection.CachingConnectionFactory - Attempting to connect to: [localhost:5672]
2023-03-16 10:53:22.568 [org.springframework.amqp.rabbit.RabbitListenerEndpointContainer#0-2] INFO  o.s.a.rabbit.connection.CachingConnectionFactory - Attempting to connect to: [localhost:5672]
2023-03-16 10:53:22.576 [RMI TCP Connection(16)-169.254.132.32] INFO  com.zaxxer.hikari.HikariDataSource - HikariPool-1 - Starting...
2023-03-16 10:53:22.719 [RMI TCP Connection(16)-169.254.132.32] INFO  com.zaxxer.hikari.HikariDataSource - HikariPool-1 - Start completed.
2023-03-16 10:53:22.911 [boundedElastic-1] INFO  io.lettuce.core.EpollProvider - Starting without optional epoll library
2023-03-16 10:53:22.913 [boundedElastic-1] INFO  io.lettuce.core.KqueueProvider - Starting without optional kqueue library
2023-03-16 10:53:23.603 [springCloudBus.anonymous.tchkreFYSWu4XDS1WOaZcQ-4] INFO  o.s.a.r.listener.SimpleMessageListenerContainer - Restarting Consumer@2e17fc5c: tags=[[]], channel=null, acknowledgeMode=AUTO local queue size=0
2023-03-16 10:53:26.643 [springCloudBus.anonymous.tchkreFYSWu4XDS1WOaZcQ-5] INFO  o.s.a.rabbit.connection.CachingConnectionFactory - Attempting to connect to: [localhost:5672]
2023-03-16 10:53:31.724 [org.springframework.amqp.rabbit.RabbitListenerEndpointContainer#0-2] INFO  o.s.a.r.listener.SimpleMessageListenerContainer - Restarting Consumer@36ff4f02: tags=[[]], channel=null, acknowledgeMode=AUTO local queue size=0
2023-03-16 10:53:31.726 [org.springframework.amqp.rabbit.RabbitListenerEndpointContainer#0-3] INFO  o.s.a.rabbit.connection.CachingConnectionFactory - Attempting to connect to: [localhost:5672]
2023-03-16 10:53:35.801 [springCloudBus.anonymous.tchkreFYSWu4XDS1WOaZcQ-5] INFO  o.s.a.r.listener.SimpleMessageListenerContainer - Restarting Consumer@27de27a4: tags=[[]], channel=null, acknowledgeMode=AUTO local queue size=0
2023-03-16 10:53:35.801 [org.springframework.amqp.rabbit.RabbitListenerEndpointContainer#0-3] INFO  o.s.a.rabbit.connection.CachingConnectionFactory - Attempting to connect to: [localhost:5672]
2023-03-16 10:53:39.894 [springCloudBus.anonymous.tchkreFYSWu4XDS1WOaZcQ-6] INFO  o.s.a.rabbit.connection.CachingConnectionFactory - Attempting to connect to: [localhost:5672]
2023-03-16 10:53:44.964 [org.springframework.amqp.rabbit.RabbitListenerEndpointContainer#0-3] INFO  o.s.a.r.listener.SimpleMessageListenerContainer - Restarting Consumer@29a6697a: tags=[[]], channel=null, acknowledgeMode=AUTO local queue size=0
2023-03-16 10:53:44.966 [org.springframework.amqp.rabbit.RabbitListenerEndpointContainer#0-4] INFO  o.s.a.rabbit.connection.CachingConnectionFactory - Attempting to connect to: [localhost:5672]
2023-03-16 10:53:49.071 [springCloudBus.anonymous.tchkreFYSWu4XDS1WOaZcQ-6] INFO  o.s.a.r.listener.SimpleMessageListenerContainer - Restarting Consumer@6f8462f2: tags=[[]], channel=null, acknowledgeMode=AUTO local queue size=0
2023-03-16 10:53:49.073 [org.springframework.amqp.rabbit.RabbitListenerEndpointContainer#0-4] INFO  o.s.a.rabbit.connection.CachingConnectionFactory - Attempting to connect to: [localhost:5672]
2023-03-16 10:53:53.175 [springCloudBus.anonymous.tchkreFYSWu4XDS1WOaZcQ-7] INFO  o.s.a.rabbit.connection.CachingConnectionFactory - Attempting to connect to: [localhost:5672]
2023-03-16 10:53:58.242 [org.springframework.amqp.rabbit.RabbitListenerEndpointContainer#0-4] INFO  o.s.a.r.listener.SimpleMessageListenerContainer - Restarting Consumer@2f9779ed: tags=[[]], channel=null, acknowledgeMode=AUTO local queue size=0
2023-03-16 10:53:58.243 [org.springframework.amqp.rabbit.RabbitListenerEndpointContainer#0-5] INFO  o.s.a.rabbit.connection.CachingConnectionFactory - Attempting to connect to: [localhost:5672]
2023-03-16 10:54:02.343 [springCloudBus.anonymous.tchkreFYSWu4XDS1WOaZcQ-7] INFO  o.s.a.r.listener.SimpleMessageListenerContainer - Restarting Consumer@cb6d7c5: tags=[[]], channel=null, acknowledgeMode=AUTO local queue size=0
2023-03-16 10:54:02.358 [springCloudBus.anonymous.tchkreFYSWu4XDS1WOaZcQ-8] INFO  o.s.a.rabbit.connection.CachingConnectionFactory - Attempting to connect to: [localhost:5672]
2023-03-16 10:54:06.461 [org.springframework.amqp.rabbit.RabbitListenerEndpointContainer#0-5] INFO  o.s.a.rabbit.connection.CachingConnectionFactory - Attempting to connect to: [localhost:5672]
2023-03-16 10:54:11.558 [springCloudBus.anonymous.tchkreFYSWu4XDS1WOaZcQ-8] INFO  o.s.a.r.listener.SimpleMessageListenerContainer - Restarting Consumer@1fbaa4ec: tags=[[]], channel=null, acknowledgeMode=AUTO local queue size=0
2023-03-16 10:54:11.558 [springCloudBus.anonymous.tchkreFYSWu4XDS1WOaZcQ-9] INFO  o.s.a.rabbit.connection.CachingConnectionFactory - Attempting to connect to: [localhost:5672]
2023-03-16 10:54:15.633 [org.springframework.amqp.rabbit.RabbitListenerEndpointContainer#0-5] INFO  o.s.a.r.listener.SimpleMessageListenerContainer - Restarting Consumer@3e6637d9: tags=[[]], channel=null, acknowledgeMode=AUTO local queue size=0
2023-03-16 10:54:15.647 [org.springframework.amqp.rabbit.RabbitListenerEndpointContainer#0-6] INFO  o.s.a.rabbit.connection.CachingConnectionFactory - Attempting to connect to: [localhost:5672]
2023-03-16 10:54:19.706 [org.springframework.amqp.rabbit.RabbitListenerEndpointContainer#0-6] INFO  o.s.a.rabbit.connection.CachingConnectionFactory - Attempting to connect to: [localhost:5672]
2023-03-16 10:54:20.730 [springCloudBus.anonymous.tchkreFYSWu4XDS1WOaZcQ-9] INFO  o.s.a.r.listener.SimpleMessageListenerContainer - Restarting Consumer@7189f8b7: tags=[[]], channel=null, acknowledgeMode=AUTO local queue size=0
2023-03-16 10:54:23.783 [springCloudBus.anonymous.tchkreFYSWu4XDS1WOaZcQ-10] INFO  o.s.a.rabbit.connection.CachingConnectionFactory - Attempting to connect to: [localhost:5672]
2023-03-16 10:54:28.861 [org.springframework.amqp.rabbit.RabbitListenerEndpointContainer#0-6] INFO  o.s.a.r.listener.SimpleMessageListenerContainer - Restarting Consumer@68b0a287: tags=[[]], channel=null, acknowledgeMode=AUTO local queue size=0
2023-03-16 10:54:28.862 [org.springframework.amqp.rabbit.RabbitListenerEndpointContainer#0-7] INFO  o.s.a.rabbit.connection.CachingConnectionFactory - Attempting to connect to: [localhost:5672]
2023-03-16 10:54:32.957 [springCloudBus.anonymous.tchkreFYSWu4XDS1WOaZcQ-10] INFO  o.s.a.r.listener.SimpleMessageListenerContainer - Restarting Consumer@5942c0a8: tags=[[]], channel=null, acknowledgeMode=AUTO local queue size=0
2023-03-16 10:54:32.958 [org.springframework.amqp.rabbit.RabbitListenerEndpointContainer#0-7] INFO  o.s.a.rabbit.connection.CachingConnectionFactory - Attempting to connect to: [localhost:5672]
2023-03-16 10:54:37.042 [springCloudBus.anonymous.tchkreFYSWu4XDS1WOaZcQ-11] INFO  o.s.a.rabbit.connection.CachingConnectionFactory - Attempting to connect to: [localhost:5672]
2023-03-16 10:54:42.120 [org.springframework.amqp.rabbit.RabbitListenerEndpointContainer#0-7] INFO  o.s.a.r.listener.SimpleMessageListenerContainer - Restarting Consumer@44faafc5: tags=[[]], channel=null, acknowledgeMode=AUTO local queue size=0
2023-03-16 10:54:42.123 [org.springframework.amqp.rabbit.RabbitListenerEndpointContainer#0-8] INFO  o.s.a.rabbit.connection.CachingConnectionFactory - Attempting to connect to: [localhost:5672]
2023-03-16 10:54:46.190 [springCloudBus.anonymous.tchkreFYSWu4XDS1WOaZcQ-11] INFO  o.s.a.r.listener.SimpleMessageListenerContainer - Restarting Consumer@3c74f6d9: tags=[[]], channel=null, acknowledgeMode=AUTO local queue size=0
2023-03-16 10:54:46.205 [springCloudBus.anonymous.tchkreFYSWu4XDS1WOaZcQ-12] INFO  o.s.a.rabbit.connection.CachingConnectionFactory - Attempting to connect to: [localhost:5672]
2023-03-16 10:54:50.297 [org.springframework.amqp.rabbit.RabbitListenerEndpointContainer#0-8] INFO  o.s.a.rabbit.connection.CachingConnectionFactory - Attempting to connect to: [localhost:5672]
2023-03-16 10:54:55.372 [springCloudBus.anonymous.tchkreFYSWu4XDS1WOaZcQ-12] INFO  o.s.a.r.listener.SimpleMessageListenerContainer - Restarting Consumer@50cfa0a3: tags=[[]], channel=null, acknowledgeMode=AUTO local queue size=0
2023-03-16 10:54:55.376 [springCloudBus.anonymous.tchkreFYSWu4XDS1WOaZcQ-13] INFO  o.s.a.rabbit.connection.CachingConnectionFactory - Attempting to connect to: [localhost:5672]
2023-03-16 10:54:59.497 [org.springframework.amqp.rabbit.RabbitListenerEndpointContainer#0-8] INFO  o.s.a.r.listener.SimpleMessageListenerContainer - Restarting Consumer@5edeca33: tags=[[]], channel=null, acknowledgeMode=AUTO local queue size=0
2023-03-16 10:54:59.498 [org.springframework.amqp.rabbit.RabbitListenerEndpointContainer#0-9] INFO  o.s.a.rabbit.connection.CachingConnectionFactory - Attempting to connect to: [localhost:5672]
2023-03-16 10:55:03.594 [org.springframework.amqp.rabbit.RabbitListenerEndpointContainer#0-9] INFO  o.s.a.rabbit.connection.CachingConnectionFactory - Attempting to connect to: [localhost:5672]
2023-03-16 10:55:04.532 [springCloudBus.anonymous.tchkreFYSWu4XDS1WOaZcQ-13] INFO  o.s.a.r.listener.SimpleMessageListenerContainer - Restarting Consumer@2b799d9c: tags=[[]], channel=null, acknowledgeMode=AUTO local queue size=0
2023-03-16 10:55:07.678 [springCloudBus.anonymous.tchkreFYSWu4XDS1WOaZcQ-14] INFO  o.s.a.rabbit.connection.CachingConnectionFactory - Attempting to connect to: [localhost:5672]
2023-03-16 10:55:12.759 [org.springframework.amqp.rabbit.RabbitListenerEndpointContainer#0-9] INFO  o.s.a.r.listener.SimpleMessageListenerContainer - Restarting Consumer@786cee28: tags=[[]], channel=null, acknowledgeMode=AUTO local queue size=0
2023-03-16 10:55:12.760 [org.springframework.amqp.rabbit.RabbitListenerEndpointContainer#0-10] INFO  o.s.a.rabbit.connection.CachingConnectionFactory - Attempting to connect to: [localhost:5672]
2023-03-16 10:55:16.827 [springCloudBus.anonymous.tchkreFYSWu4XDS1WOaZcQ-14] INFO  o.s.a.r.listener.SimpleMessageListenerContainer - Restarting Consumer@2e9c90f: tags=[[]], channel=null, acknowledgeMode=AUTO local queue size=0
2023-03-16 10:55:16.843 [springCloudBus.anonymous.tchkreFYSWu4XDS1WOaZcQ-15] INFO  o.s.a.rabbit.connection.CachingConnectionFactory - Attempting to connect to: [localhost:5672]
2023-03-16 10:55:20.933 [org.springframework.amqp.rabbit.RabbitListenerEndpointContainer#0-10] INFO  o.s.a.rabbit.connection.CachingConnectionFactory - Attempting to connect to: [localhost:5672]
2023-03-16 10:55:25.998 [springCloudBus.anonymous.tchkreFYSWu4XDS1WOaZcQ-15] INFO  o.s.a.r.listener.SimpleMessageListenerContainer - Restarting Consumer@7ee41b4f: tags=[[]], channel=null, acknowledgeMode=AUTO local queue size=0
2023-03-16 10:55:25.999 [springCloudBus.anonymous.tchkreFYSWu4XDS1WOaZcQ-16] INFO  o.s.a.rabbit.connection.CachingConnectionFactory - Attempting to connect to: [localhost:5672]
2023-03-16 10:55:30.079 [org.springframework.amqp.rabbit.RabbitListenerEndpointContainer#0-10] INFO  o.s.a.r.listener.SimpleMessageListenerContainer - Restarting Consumer@38678204: tags=[[]], channel=null, acknowledgeMode=AUTO local queue size=0
2023-03-16 10:55:30.127 [org.springframework.amqp.rabbit.RabbitListenerEndpointContainer#0-11] INFO  o.s.a.rabbit.connection.CachingConnectionFactory - Attempting to connect to: [localhost:5672]
2023-03-16 10:55:34.182 [org.springframework.amqp.rabbit.RabbitListenerEndpointContainer#0-11] INFO  o.s.a.rabbit.connection.CachingConnectionFactory - Attempting to connect to: [localhost:5672]
2023-03-16 10:55:35.214 [springCloudBus.anonymous.tchkreFYSWu4XDS1WOaZcQ-16] INFO  o.s.a.r.listener.SimpleMessageListenerContainer - Restarting Consumer@1aada716: tags=[[]], channel=null, acknowledgeMode=AUTO local queue size=0
2023-03-16 10:55:38.285 [springCloudBus.anonymous.tchkreFYSWu4XDS1WOaZcQ-17] INFO  o.s.a.rabbit.connection.CachingConnectionFactory - Attempting to connect to: [localhost:5672]
2023-03-16 10:55:43.381 [org.springframework.amqp.rabbit.RabbitListenerEndpointContainer#0-11] INFO  o.s.a.r.listener.SimpleMessageListenerContainer - Restarting Consumer@6890e5d2: tags=[[]], channel=null, acknowledgeMode=AUTO local queue size=0
2023-03-16 10:55:43.385 [org.springframework.amqp.rabbit.RabbitListenerEndpointContainer#0-12] INFO  o.s.a.rabbit.connection.CachingConnectionFactory - Attempting to connect to: [localhost:5672]
2023-03-16 10:55:47.455 [springCloudBus.anonymous.tchkreFYSWu4XDS1WOaZcQ-17] INFO  o.s.a.r.listener.SimpleMessageListenerContainer - Restarting Consumer@67b5c01: tags=[[]], channel=null, acknowledgeMode=AUTO local queue size=0
2023-03-16 10:55:47.484 [springCloudBus.anonymous.tchkreFYSWu4XDS1WOaZcQ-18] INFO  o.s.a.rabbit.connection.CachingConnectionFactory - Attempting to connect to: [localhost:5672]
2023-03-16 10:55:51.571 [org.springframework.amqp.rabbit.RabbitListenerEndpointContainer#0-12] INFO  o.s.a.rabbit.connection.CachingConnectionFactory - Attempting to connect to: [localhost:5672]
2023-03-16 10:55:56.633 [springCloudBus.anonymous.tchkreFYSWu4XDS1WOaZcQ-18] INFO  o.s.a.r.listener.SimpleMessageListenerContainer - Restarting Consumer@75917cf5: tags=[[]], channel=null, acknowledgeMode=AUTO local queue size=0
2023-03-16 10:55:56.634 [springCloudBus.anonymous.tchkreFYSWu4XDS1WOaZcQ-19] INFO  o.s.a.rabbit.connection.CachingConnectionFactory - Attempting to connect to: [localhost:5672]
2023-03-16 10:56:00.736 [org.springframework.amqp.rabbit.RabbitListenerEndpointContainer#0-12] INFO  o.s.a.r.listener.SimpleMessageListenerContainer - Restarting Consumer@48c69634: tags=[[]], channel=null, acknowledgeMode=AUTO local queue size=0
2023-03-16 10:56:00.737 [org.springframework.amqp.rabbit.RabbitListenerEndpointContainer#0-13] INFO  o.s.a.rabbit.connection.CachingConnectionFactory - Attempting to connect to: [localhost:5672]
2023-03-16 10:56:04.853 [org.springframework.amqp.rabbit.RabbitListenerEndpointContainer#0-13] INFO  o.s.a.rabbit.connection.CachingConnectionFactory - Attempting to connect to: [localhost:5672]
2023-03-16 10:56:05.808 [springCloudBus.anonymous.tchkreFYSWu4XDS1WOaZcQ-19] INFO  o.s.a.r.listener.SimpleMessageListenerContainer - Restarting Consumer@57774be1: tags=[[]], channel=null, acknowledgeMode=AUTO local queue size=0
2023-03-16 10:56:08.941 [springCloudBus.anonymous.tchkreFYSWu4XDS1WOaZcQ-20] INFO  o.s.a.rabbit.connection.CachingConnectionFactory - Attempting to connect to: [localhost:5672]
2023-03-16 10:56:14.017 [org.springframework.amqp.rabbit.RabbitListenerEndpointContainer#0-13] INFO  o.s.a.r.listener.SimpleMessageListenerContainer - Restarting Consumer@5e15dab7: tags=[[]], channel=null, acknowledgeMode=AUTO local queue size=0
2023-03-16 10:56:14.019 [org.springframework.amqp.rabbit.RabbitListenerEndpointContainer#0-14] INFO  o.s.a.rabbit.connection.CachingConnectionFactory - Attempting to connect to: [localhost:5672]
2023-03-16 10:56:18.079 [springCloudBus.anonymous.tchkreFYSWu4XDS1WOaZcQ-20] INFO  o.s.a.r.listener.SimpleMessageListenerContainer - Restarting Consumer@463cbf5c: tags=[[]], channel=null, acknowledgeMode=AUTO local queue size=0
2023-03-16 10:56:18.095 [springCloudBus.anonymous.tchkreFYSWu4XDS1WOaZcQ-21] INFO  o.s.a.rabbit.connection.CachingConnectionFactory - Attempting to connect to: [localhost:5672]
2023-03-16 10:56:22.150 [org.springframework.amqp.rabbit.RabbitListenerEndpointContainer#0-14] INFO  o.s.a.rabbit.connection.CachingConnectionFactory - Attempting to connect to: [localhost:5672]
2023-03-16 10:56:27.247 [springCloudBus.anonymous.tchkreFYSWu4XDS1WOaZcQ-21] INFO  o.s.a.r.listener.SimpleMessageListenerContainer - Restarting Consumer@62170906: tags=[[]], channel=null, acknowledgeMode=AUTO local queue size=0
2023-03-16 10:56:27.248 [springCloudBus.anonymous.tchkreFYSWu4XDS1WOaZcQ-22] INFO  o.s.a.rabbit.connection.CachingConnectionFactory - Attempting to connect to: [localhost:5672]
2023-03-16 10:56:31.321 [org.springframework.amqp.rabbit.RabbitListenerEndpointContainer#0-14] INFO  o.s.a.r.listener.SimpleMessageListenerContainer - Restarting Consumer@b18b165: tags=[[]], channel=null, acknowledgeMode=AUTO local queue size=0
2023-03-16 10:56:31.337 [org.springframework.amqp.rabbit.RabbitListenerEndpointContainer#0-15] INFO  o.s.a.rabbit.connection.CachingConnectionFactory - Attempting to connect to: [localhost:5672]
2023-03-16 10:56:35.442 [org.springframework.amqp.rabbit.RabbitListenerEndpointContainer#0-15] INFO  o.s.a.rabbit.connection.CachingConnectionFactory - Attempting to connect to: [localhost:5672]
2023-03-16 10:56:36.418 [springCloudBus.anonymous.tchkreFYSWu4XDS1WOaZcQ-22] INFO  o.s.a.r.listener.SimpleMessageListenerContainer - Restarting Consumer@235ab530: tags=[[]], channel=null, acknowledgeMode=AUTO local queue size=0
2023-03-16 10:56:39.529 [springCloudBus.anonymous.tchkreFYSWu4XDS1WOaZcQ-23] INFO  o.s.a.rabbit.connection.CachingConnectionFactory - Attempting to connect to: [localhost:5672]
2023-03-16 10:56:44.611 [org.springframework.amqp.rabbit.RabbitListenerEndpointContainer#0-15] INFO  o.s.a.r.listener.SimpleMessageListenerContainer - Restarting Consumer@e27e9bf: tags=[[]], channel=null, acknowledgeMode=AUTO local queue size=0
2023-03-16 10:56:44.612 [org.springframework.amqp.rabbit.RabbitListenerEndpointContainer#0-16] INFO  o.s.a.rabbit.connection.CachingConnectionFactory - Attempting to connect to: [localhost:5672]
2023-03-16 10:56:48.662 [springCloudBus.anonymous.tchkreFYSWu4XDS1WOaZcQ-23] INFO  o.s.a.r.listener.SimpleMessageListenerContainer - Restarting Consumer@487241f5: tags=[[]], channel=null, acknowledgeMode=AUTO local queue size=0
2023-03-16 10:56:48.708 [springCloudBus.anonymous.tchkreFYSWu4XDS1WOaZcQ-24] INFO  o.s.a.rabbit.connection.CachingConnectionFactory - Attempting to connect to: [localhost:5672]
2023-03-16 10:56:52.769 [org.springframework.amqp.rabbit.RabbitListenerEndpointContainer#0-16] INFO  o.s.a.rabbit.connection.CachingConnectionFactory - Attempting to connect to: [localhost:5672]
2023-03-16 10:56:57.856 [springCloudBus.anonymous.tchkreFYSWu4XDS1WOaZcQ-24] INFO  o.s.a.r.listener.SimpleMessageListenerContainer - Restarting Consumer@5235cb47: tags=[[]], channel=null, acknowledgeMode=AUTO local queue size=0
2023-03-16 10:56:57.857 [springCloudBus.anonymous.tchkreFYSWu4XDS1WOaZcQ-25] INFO  o.s.a.rabbit.connection.CachingConnectionFactory - Attempting to connect to: [localhost:5672]
2023-03-16 10:57:01.952 [org.springframework.amqp.rabbit.RabbitListenerEndpointContainer#0-16] INFO  o.s.a.r.listener.SimpleMessageListenerContainer - Restarting Consumer@376b4294: tags=[[]], channel=null, acknowledgeMode=AUTO local queue size=0
2023-03-16 10:57:01.953 [org.springframework.amqp.rabbit.RabbitListenerEndpointContainer#0-17] INFO  o.s.a.rabbit.connection.CachingConnectionFactory - Attempting to connect to: [localhost:5672]
2023-03-16 10:57:06.023 [org.springframework.amqp.rabbit.RabbitListenerEndpointContainer#0-17] INFO  o.s.a.rabbit.connection.CachingConnectionFactory - Attempting to connect to: [localhost:5672]
2023-03-16 10:57:07.049 [springCloudBus.anonymous.tchkreFYSWu4XDS1WOaZcQ-25] INFO  o.s.a.r.listener.SimpleMessageListenerContainer - Restarting Consumer@63b8cc28: tags=[[]], channel=null, acknowledgeMode=AUTO local queue size=0
2023-03-16 10:57:10.119 [springCloudBus.anonymous.tchkreFYSWu4XDS1WOaZcQ-26] INFO  o.s.a.rabbit.connection.CachingConnectionFactory - Attempting to connect to: [localhost:5672]
2023-03-16 10:57:15.188 [org.springframework.amqp.rabbit.RabbitListenerEndpointContainer#0-17] INFO  o.s.a.r.listener.SimpleMessageListenerContainer - Restarting Consumer@20a2e8d2: tags=[[]], channel=null, acknowledgeMode=AUTO local queue size=0
2023-03-16 10:57:15.189 [org.springframework.amqp.rabbit.RabbitListenerEndpointContainer#0-18] INFO  o.s.a.rabbit.connection.CachingConnectionFactory - Attempting to connect to: [localhost:5672]
